<?xml version="1.0" encoding="UTF-8"?>
<!-- Generated by org.testng.reporters.JUnitXMLReporter -->
<testsuite ignored="0" hostname="UNO-06-pc" failures="0" tests="3" name="Default test" time="7.156" errors="0" timestamp="2025-07-30T18:16:47 IST">
  <testcase classname="com.amar.TestScripts.homePageTest" name="navigateToTheHomePage" time="0.103"/>
  <testcase classname="com.amar.TestScripts.homePageTest" name="homePageActions" time="1.029"/>
  <testcase classname="com.amar.TestScripts.homePageTest" name="addNewUser" time="0.616"/>
</testsuite> <!-- Default test -->
