<?xml version="1.0" encoding="UTF-8"?>
<!-- Generated by org.testng.reporters.JUnitXMLReporter -->
<testsuite ignored="0" hostname="UNO-06-pc" failures="0" tests="3" name="Test" time="12.319" errors="0" timestamp="2025-07-24T18:25:24 IST">
  <testcase classname="com.amar.TestScripts.loginPageTest" name="login" time="0.803"/>
  <testcase classname="com.amar.TestScripts.homePageTest" name="navigateToTheHomePage" time="0.085"/>
  <testcase classname="com.amar.TestScripts.homePageTest" name="homePageActions" time="1.206"/>
</testsuite> <!-- Test -->
