<?xml version="1.0" encoding="UTF-8"?>
<testng-results ignored="0" total="3" passed="3" failed="0" skipped="0">
  <reporter-output>
  </reporter-output>
  <suite started-at="2025-07-24T18:25:11 IST" name="Suite" finished-at="2025-07-24T18:25:24 IST" duration-ms="12319">
    <groups>
    </groups>
    <test started-at="2025-07-24T18:25:11 IST" name="Test" finished-at="2025-07-24T18:25:24 IST" duration-ms="12319">
      <class name="com.amar.TestScripts.homePageTest">
        <test-method is-config="true" signature="beforeClass()[pri:0, instance:com.amar.TestScripts.homePageTest@38425407]" started-at="2025-07-24T18:25:20 IST" name="beforeClass" finished-at="2025-07-24T18:25:22 IST" duration-ms="1799" status="PASS">
          <reporter-output>
          </reporter-output>
        </test-method> <!-- beforeClass -->
        <test-method signature="navigateToTheHomePage()[pri:0, instance:com.amar.TestScripts.homePageTest@38425407]" started-at="2025-07-24T18:25:22 IST" name="navigateToTheHomePage" finished-at="2025-07-24T18:25:22 IST" duration-ms="85" status="PASS">
          <reporter-output>
          </reporter-output>
        </test-method> <!-- navigateToTheHomePage -->
        <test-method signature="homePageActions()[pri:1, instance:com.amar.TestScripts.homePageTest@38425407]" started-at="2025-07-24T18:25:22 IST" name="homePageActions" finished-at="2025-07-24T18:25:23 IST" duration-ms="1206" status="PASS">
          <reporter-output>
          </reporter-output>
        </test-method> <!-- homePageActions -->
        <test-method is-config="true" signature="afterClass()[pri:0, instance:com.amar.TestScripts.homePageTest@38425407]" started-at="2025-07-24T18:25:23 IST" name="afterClass" finished-at="2025-07-24T18:25:24 IST" duration-ms="271" status="PASS">
          <reporter-output>
          </reporter-output>
        </test-method> <!-- afterClass -->
      </class> <!-- com.amar.TestScripts.homePageTest -->
      <class name="com.amar.TestScripts.loginPageTest">
        <test-method is-config="true" signature="beforeClass()[pri:0, instance:com.amar.TestScripts.loginPageTest@22555ebf]" started-at="2025-07-24T18:25:11 IST" name="beforeClass" finished-at="2025-07-24T18:25:19 IST" duration-ms="7831" status="PASS">
          <reporter-output>
          </reporter-output>
        </test-method> <!-- beforeClass -->
        <test-method signature="login()[pri:0, instance:com.amar.TestScripts.loginPageTest@22555ebf]" started-at="2025-07-24T18:25:19 IST" name="login" finished-at="2025-07-24T18:25:20 IST" duration-ms="803" status="PASS">
          <reporter-output>
          </reporter-output>
        </test-method> <!-- login -->
        <test-method is-config="true" signature="afterClass()[pri:0, instance:com.amar.TestScripts.loginPageTest@22555ebf]" started-at="2025-07-24T18:25:20 IST" name="afterClass" finished-at="2025-07-24T18:25:20 IST" duration-ms="293" status="PASS">
          <reporter-output>
          </reporter-output>
        </test-method> <!-- afterClass -->
      </class> <!-- com.amar.TestScripts.loginPageTest -->
    </test> <!-- Test -->
  </suite> <!-- Suite -->
</testng-results>
