<?xml version="1.0" encoding="UTF-8"?>
<testng-results ignored="0" total="3" passed="3" failed="0" skipped="0">
  <reporter-output>
  </reporter-output>
  <suite started-at="2025-07-30T18:16:40 IST" name="Default suite" finished-at="2025-07-30T18:16:47 IST" duration-ms="7156">
    <groups>
    </groups>
    <test started-at="2025-07-30T18:16:40 IST" name="Default test" finished-at="2025-07-30T18:16:47 IST" duration-ms="7156">
      <class name="com.amar.TestScripts.homePageTest">
        <test-method is-config="true" signature="beforeClass()[pri:0, instance:com.amar.TestScripts.homePageTest@44c03695]" started-at="2025-07-30T18:16:40 IST" name="beforeClass" finished-at="2025-07-30T18:16:46 IST" duration-ms="5372" status="PASS">
          <reporter-output>
          </reporter-output>
        </test-method> <!-- beforeClass -->
        <test-method signature="navigateToTheHomePage()[pri:0, instance:com.amar.TestScripts.homePageTest@44c03695]" started-at="2025-07-30T18:16:46 IST" name="navigateToTheHomePage" finished-at="2025-07-30T18:16:46 IST" duration-ms="103" status="PASS">
          <reporter-output>
          </reporter-output>
        </test-method> <!-- navigateToTheHomePage -->
        <test-method signature="homePageActions()[pri:1, instance:com.amar.TestScripts.homePageTest@44c03695]" started-at="2025-07-30T18:16:46 IST" name="homePageActions" finished-at="2025-07-30T18:16:47 IST" duration-ms="1029" status="PASS">
          <reporter-output>
          </reporter-output>
        </test-method> <!-- homePageActions -->
        <test-method signature="addNewUser()[pri:2, instance:com.amar.TestScripts.homePageTest@44c03695]" started-at="2025-07-30T18:16:47 IST" name="addNewUser" finished-at="2025-07-30T18:16:47 IST" duration-ms="616" status="PASS">
          <reporter-output>
          </reporter-output>
        </test-method> <!-- addNewUser -->
        <test-method is-config="true" signature="afterClass()[pri:0, instance:com.amar.TestScripts.homePageTest@44c03695]" started-at="2025-07-30T18:16:47 IST" name="afterClass" finished-at="2025-07-30T18:16:47 IST" duration-ms="1" status="PASS">
          <reporter-output>
          </reporter-output>
        </test-method> <!-- afterClass -->
      </class> <!-- com.amar.TestScripts.homePageTest -->
    </test> <!-- Default test -->
  </suite> <!-- Default suite -->
</testng-results>
